<?xml version="1.0" encoding="UTF-8"?>
<!-- Generated by org.testng.reporters.JUnitReportReporter -->
<testsuite hostname="DESKTOP-NP5PALL" failures="0" tests="1" name="com.rest.Test" time="0.565" errors="0" timestamp="2023-09-21T21:07:13 CEST" skipped="0">
  <testcase classname="com.rest.Test" name="test" time="0.565"/>
  <system-out/>
</testsuite> <!-- com.rest.Test -->
